{
  "stats": {
    "suites": 1,
    "tests": 3,
    "passes": 3,
    "pending": 0,
    "failures": 0,
    "start": "2023-11-06T23:12:29.749Z",
    "end": "2023-11-06T23:12:31.050Z",
    "duration": 1301,
    "testsRegistered": 3,
    "passPercent": 100,
    "pendingPercent": 0,
    "other": 0,
    "hasOther": false,
    "skipped": 0,
    "hasSkipped": false
  },
  "results": [
    {
      "uuid": "17fc6d41-b66e-466c-a270-8883b147447e",
      "title": "",
      "fullFile": "/Users/jgartland/Projects/node-20/mocha-sandbox/ApiTestFramework/src/test/users.spec.ts",
      "file": "/src/test/users.spec.ts",
      "beforeHooks": [],
      "afterHooks": [],
      "tests": [],
      "suites": [
        {
          "uuid": "fb68ee96-8333-46d2-a3b9-61e7ef847894",
          "title": "Test ReqRes APIs",
          "fullFile": "/Users/jgartland/Projects/node-20/mocha-sandbox/ApiTestFramework/src/test/users.spec.ts",
          "file": "/src/test/users.spec.ts",
          "beforeHooks": [],
          "afterHooks": [],
          "tests": [
            {
              "title": "should validate create user admin",
              "fullTitle": "Test ReqRes APIs should validate create user admin",
              "timedOut": false,
              "duration": 446,
              "state": "passed",
              "speed": "slow",
              "pass": true,
              "fail": false,
              "pending": false,
              "context": "\"Response: {\\n    \\\"name\\\": \\\"admin\\\",\\n    \\\"job\\\": \\\"admin\\\",\\n    \\\"id\\\": \\\"385\\\",\\n    \\\"createdAt\\\": \\\"2023-11-06T20:12:36.952Z\\\"\\n}\"",
              "code": "",
              "err": {},
              "uuid": "ac988081-1b52-46ee-8cdf-5e5d3ad621df",
              "parentUUID": "fb68ee96-8333-46d2-a3b9-61e7ef847894",
              "isHook": false,
              "skipped": false
            },
            {
              "title": "should validate create user Sexton",
              "fullTitle": "Test ReqRes APIs should validate create user Sexton",
              "timedOut": false,
              "duration": 370,
              "state": "passed",
              "speed": "slow",
              "pass": true,
              "fail": false,
              "pending": false,
              "context": "\"Response: {\\n    \\\"name\\\": \\\"Sexton\\\",\\n    \\\"job\\\": \\\"player\\\",\\n    \\\"id\\\": \\\"343\\\",\\n    \\\"createdAt\\\": \\\"2023-11-06T20:12:37.334Z\\\"\\n}\"",
              "code": "",
              "err": {},
              "uuid": "d1781ede-13b1-4cab-87c4-3bf5b1bef016",
              "parentUUID": "fb68ee96-8333-46d2-a3b9-61e7ef847894",
              "isHook": false,
              "skipped": false
            },
            {
              "title": "should validate create user Farrell",
              "fullTitle": "Test ReqRes APIs should validate create user Farrell",
              "timedOut": false,
              "duration": 475,
              "state": "passed",
              "speed": "slow",
              "pass": true,
              "fail": false,
              "pending": false,
              "context": "\"Response: {\\n    \\\"name\\\": \\\"Farrell\\\",\\n    \\\"job\\\": \\\"manager\\\",\\n    \\\"id\\\": \\\"810\\\",\\n    \\\"createdAt\\\": \\\"2023-11-06T20:12:37.696Z\\\"\\n}\"",
              "code": "",
              "err": {},
              "uuid": "c2f9174b-ec40-412d-b475-6e000c67be92",
              "parentUUID": "fb68ee96-8333-46d2-a3b9-61e7ef847894",
              "isHook": false,
              "skipped": false
            }
          ],
          "suites": [],
          "passes": [
            "ac988081-1b52-46ee-8cdf-5e5d3ad621df",
            "d1781ede-13b1-4cab-87c4-3bf5b1bef016",
            "c2f9174b-ec40-412d-b475-6e000c67be92"
          ],
          "failures": [],
          "pending": [],
          "skipped": [],
          "duration": 1291,
          "root": false,
          "rootEmpty": false,
          "_timeout": 5000
        }
      ],
      "passes": [],
      "failures": [],
      "pending": [],
      "skipped": [],
      "duration": 0,
      "root": true,
      "rootEmpty": true,
      "_timeout": 5000
    }
  ],
  "meta": {
    "mocha": {
      "version": "10.2.0"
    },
    "mochawesome": {
      "options": {
        "quiet": false,
        "reportFilename": "mochawesome",
        "saveHtml": true,
        "saveJson": true,
        "consoleReporter": "spec",
        "useInlineDiffs": false,
        "code": false
      },
      "version": "7.1.3"
    },
    "marge": {
      "options": {
        "o": "report",
        "charts": "true",
        "code": "false"
      },
      "version": "6.2.0"
    }
  }
}