{
  "stats": {
    "suites": 1,
    "tests": 3,
    "passes": 3,
    "pending": 0,
    "failures": 0,
    "start": "2023-11-06T19:53:52.309Z",
    "end": "2023-11-06T19:53:53.742Z",
    "duration": 1433,
    "testsRegistered": 3,
    "passPercent": 100,
    "pendingPercent": 0,
    "other": 0,
    "hasOther": false,
    "skipped": 0,
    "hasSkipped": false
  },
  "results": [
    {
      "uuid": "c6db4abf-6216-4c17-9059-a5554f8f32e9",
      "title": "",
      "fullFile": "/Users/jgartland/Projects/node-20/mocha-sandbox/ApiTestFramework/src/test/users.spec.ts",
      "file": "/src/test/users.spec.ts",
      "beforeHooks": [],
      "afterHooks": [],
      "tests": [],
      "suites": [
        {
          "uuid": "74fbe44c-9fb7-47c5-9150-a277532c79ee",
          "title": "Test ReqRes APIs",
          "fullFile": "/Users/jgartland/Projects/node-20/mocha-sandbox/ApiTestFramework/src/test/users.spec.ts",
          "file": "/src/test/users.spec.ts",
          "beforeHooks": [],
          "afterHooks": [],
          "tests": [
            {
              "title": "should validate create user admin",
              "fullTitle": "Test ReqRes APIs should validate create user admin",
              "timedOut": false,
              "duration": 675,
              "state": "passed",
              "speed": "slow",
              "pass": true,
              "fail": false,
              "pending": false,
              "context": null,
              "code": "return __awaiter(void 0, void 0, void 0, function () {\n            var startTime, response, responseBody, name, job, id, createdAt;\n            return __generator(this, function (_a) {\n                switch (_a.label) {\n                    case 0:\n                        startTime = perf_hooks_1.performance.now();\n                        return [4 /*yield*/, (0, apicall_1.postCall)(endpoints_1.endpoint.user, user)];\n                    case 1:\n                        response = _a.sent();\n                        (0, chai_1.expect)(perf_hooks_1.performance.now() - startTime).to.be.lessThan(2000);\n                        (0, chai_1.expect)(response.statusCode).to.equal(201);\n                        (0, chai_1.expect)(response.type).to.equal(\"application/json\");\n                        responseBody = response.body;\n                        (0, chai_1.expect)(responseBody).to.be.jsonSchema(user_json_1.default);\n                        name = responseBody.name, job = responseBody.job, id = responseBody.id, createdAt = responseBody.createdAt;\n                        (0, chai_1.expect)(name).equal(user.name);\n                        (0, chai_1.expect)(job).equal(user.job);\n                        (0, chai_1.expect)(id).is.not.empty;\n                        (0, chai_1.expect)(createdAt).is.not.empty;\n                        return [2 /*return*/];\n                }\n            });\n        });",
              "err": {},
              "uuid": "7c405a34-83d1-45d2-8216-3266c75d3a39",
              "parentUUID": "74fbe44c-9fb7-47c5-9150-a277532c79ee",
              "isHook": false,
              "skipped": false
            },
            {
              "title": "should validate create user Sexton",
              "fullTitle": "Test ReqRes APIs should validate create user Sexton",
              "timedOut": false,
              "duration": 388,
              "state": "passed",
              "speed": "slow",
              "pass": true,
              "fail": false,
              "pending": false,
              "context": null,
              "code": "return __awaiter(void 0, void 0, void 0, function () {\n            var startTime, response, responseBody, name, job, id, createdAt;\n            return __generator(this, function (_a) {\n                switch (_a.label) {\n                    case 0:\n                        startTime = perf_hooks_1.performance.now();\n                        return [4 /*yield*/, (0, apicall_1.postCall)(endpoints_1.endpoint.user, user)];\n                    case 1:\n                        response = _a.sent();\n                        (0, chai_1.expect)(perf_hooks_1.performance.now() - startTime).to.be.lessThan(2000);\n                        (0, chai_1.expect)(response.statusCode).to.equal(201);\n                        (0, chai_1.expect)(response.type).to.equal(\"application/json\");\n                        responseBody = response.body;\n                        (0, chai_1.expect)(responseBody).to.be.jsonSchema(user_json_1.default);\n                        name = responseBody.name, job = responseBody.job, id = responseBody.id, createdAt = responseBody.createdAt;\n                        (0, chai_1.expect)(name).equal(user.name);\n                        (0, chai_1.expect)(job).equal(user.job);\n                        (0, chai_1.expect)(id).is.not.empty;\n                        (0, chai_1.expect)(createdAt).is.not.empty;\n                        return [2 /*return*/];\n                }\n            });\n        });",
              "err": {},
              "uuid": "51d7335e-800f-4764-86b7-99949afd1ccf",
              "parentUUID": "74fbe44c-9fb7-47c5-9150-a277532c79ee",
              "isHook": false,
              "skipped": false
            },
            {
              "title": "should validate create user Farrell",
              "fullTitle": "Test ReqRes APIs should validate create user Farrell",
              "timedOut": false,
              "duration": 364,
              "state": "passed",
              "speed": "slow",
              "pass": true,
              "fail": false,
              "pending": false,
              "context": null,
              "code": "return __awaiter(void 0, void 0, void 0, function () {\n            var startTime, response, responseBody, name, job, id, createdAt;\n            return __generator(this, function (_a) {\n                switch (_a.label) {\n                    case 0:\n                        startTime = perf_hooks_1.performance.now();\n                        return [4 /*yield*/, (0, apicall_1.postCall)(endpoints_1.endpoint.user, user)];\n                    case 1:\n                        response = _a.sent();\n                        (0, chai_1.expect)(perf_hooks_1.performance.now() - startTime).to.be.lessThan(2000);\n                        (0, chai_1.expect)(response.statusCode).to.equal(201);\n                        (0, chai_1.expect)(response.type).to.equal(\"application/json\");\n                        responseBody = response.body;\n                        (0, chai_1.expect)(responseBody).to.be.jsonSchema(user_json_1.default);\n                        name = responseBody.name, job = responseBody.job, id = responseBody.id, createdAt = responseBody.createdAt;\n                        (0, chai_1.expect)(name).equal(user.name);\n                        (0, chai_1.expect)(job).equal(user.job);\n                        (0, chai_1.expect)(id).is.not.empty;\n                        (0, chai_1.expect)(createdAt).is.not.empty;\n                        return [2 /*return*/];\n                }\n            });\n        });",
              "err": {},
              "uuid": "266c81bf-234a-4f04-af1a-735254f2ef75",
              "parentUUID": "74fbe44c-9fb7-47c5-9150-a277532c79ee",
              "isHook": false,
              "skipped": false
            }
          ],
          "suites": [],
          "passes": [
            "7c405a34-83d1-45d2-8216-3266c75d3a39",
            "51d7335e-800f-4764-86b7-99949afd1ccf",
            "266c81bf-234a-4f04-af1a-735254f2ef75"
          ],
          "failures": [],
          "pending": [],
          "skipped": [],
          "duration": 1427,
          "root": false,
          "rootEmpty": false,
          "_timeout": 5000
        }
      ],
      "passes": [],
      "failures": [],
      "pending": [],
      "skipped": [],
      "duration": 0,
      "root": true,
      "rootEmpty": true,
      "_timeout": 5000
    }
  ],
  "meta": {
    "mocha": {
      "version": "10.2.0"
    },
    "mochawesome": {
      "options": {
        "quiet": false,
        "reportFilename": "mochawesome",
        "saveHtml": true,
        "saveJson": true,
        "consoleReporter": "spec",
        "useInlineDiffs": false,
        "code": true
      },
      "version": "7.1.3"
    },
    "marge": {
      "options": {
        "reportDir": "report"
      },
      "version": "6.2.0"
    }
  }
}