{
  "stats": {
    "suites": 1,
    "tests": 3,
    "passes": 3,
    "pending": 0,
    "failures": 0,
    "start": "2023-11-06T18:27:15.419Z",
    "end": "2023-11-06T18:27:17.209Z",
    "duration": 1790,
    "testsRegistered": 3,
    "passPercent": 100,
    "pendingPercent": 0,
    "other": 0,
    "hasOther": false,
    "skipped": 0,
    "hasSkipped": false
  },
  "results": [
    {
      "uuid": "52071636-8945-4671-9fde-129663a0e4ae",
      "title": "",
      "fullFile": "/Users/jgartland/Projects/node-20/mocha-sandbox/ApiTestFramework/src/test/users.spec.ts",
      "file": "/src/test/users.spec.ts",
      "beforeHooks": [],
      "afterHooks": [],
      "tests": [],
      "suites": [
        {
          "uuid": "6b726444-49f6-493e-83f2-f3f4573356a4",
          "title": "Test ReqRes APIs",
          "fullFile": "/Users/jgartland/Projects/node-20/mocha-sandbox/ApiTestFramework/src/test/users.spec.ts",
          "file": "/src/test/users.spec.ts",
          "beforeHooks": [],
          "afterHooks": [],
          "tests": [
            {
              "title": "Should validate create user admin",
              "fullTitle": "Test ReqRes APIs Should validate create user admin",
              "timedOut": false,
              "duration": 666,
              "state": "passed",
              "speed": "slow",
              "pass": true,
              "fail": false,
              "pending": false,
              "context": null,
              "code": "return __awaiter(void 0, void 0, void 0, function () {\n            var response;\n            return __generator(this, function (_a) {\n                switch (_a.label) {\n                    case 0: return [4 /*yield*/, request.post('users').send(user)];\n                    case 1:\n                        response = _a.sent();\n                        (0, chai_1.expect)(response.statusCode).to.equal(201);\n                        console.log(JSON.stringify(response.body));\n                        return [2 /*return*/];\n                }\n            });\n        });",
              "err": {},
              "uuid": "167a20d5-3480-4ce5-be6c-ea0dec92f659",
              "parentUUID": "6b726444-49f6-493e-83f2-f3f4573356a4",
              "isHook": false,
              "skipped": false
            },
            {
              "title": "Should validate create user Sexton",
              "fullTitle": "Test ReqRes APIs Should validate create user Sexton",
              "timedOut": false,
              "duration": 761,
              "state": "passed",
              "speed": "slow",
              "pass": true,
              "fail": false,
              "pending": false,
              "context": null,
              "code": "return __awaiter(void 0, void 0, void 0, function () {\n            var response;\n            return __generator(this, function (_a) {\n                switch (_a.label) {\n                    case 0: return [4 /*yield*/, request.post('users').send(user)];\n                    case 1:\n                        response = _a.sent();\n                        (0, chai_1.expect)(response.statusCode).to.equal(201);\n                        console.log(JSON.stringify(response.body));\n                        return [2 /*return*/];\n                }\n            });\n        });",
              "err": {},
              "uuid": "afd29125-df12-4276-a003-dab872872e0e",
              "parentUUID": "6b726444-49f6-493e-83f2-f3f4573356a4",
              "isHook": false,
              "skipped": false
            },
            {
              "title": "Should validate create user Farrell",
              "fullTitle": "Test ReqRes APIs Should validate create user Farrell",
              "timedOut": false,
              "duration": 355,
              "state": "passed",
              "speed": "slow",
              "pass": true,
              "fail": false,
              "pending": false,
              "context": null,
              "code": "return __awaiter(void 0, void 0, void 0, function () {\n            var response;\n            return __generator(this, function (_a) {\n                switch (_a.label) {\n                    case 0: return [4 /*yield*/, request.post('users').send(user)];\n                    case 1:\n                        response = _a.sent();\n                        (0, chai_1.expect)(response.statusCode).to.equal(201);\n                        console.log(JSON.stringify(response.body));\n                        return [2 /*return*/];\n                }\n            });\n        });",
              "err": {},
              "uuid": "20ae4a71-1caf-4ce3-ac4a-6f451caf01aa",
              "parentUUID": "6b726444-49f6-493e-83f2-f3f4573356a4",
              "isHook": false,
              "skipped": false
            }
          ],
          "suites": [],
          "passes": [
            "167a20d5-3480-4ce5-be6c-ea0dec92f659",
            "afd29125-df12-4276-a003-dab872872e0e",
            "20ae4a71-1caf-4ce3-ac4a-6f451caf01aa"
          ],
          "failures": [],
          "pending": [],
          "skipped": [],
          "duration": 1782,
          "root": false,
          "rootEmpty": false,
          "_timeout": 5000
        }
      ],
      "passes": [],
      "failures": [],
      "pending": [],
      "skipped": [],
      "duration": 0,
      "root": true,
      "rootEmpty": true,
      "_timeout": 5000
    }
  ],
  "meta": {
    "mocha": {
      "version": "10.2.0"
    },
    "mochawesome": {
      "options": {
        "quiet": false,
        "reportFilename": "mochawesome",
        "saveHtml": true,
        "saveJson": true,
        "consoleReporter": "spec",
        "useInlineDiffs": false,
        "code": true
      },
      "version": "7.1.3"
    },
    "marge": {
      "options": {
        "reportDir": "report"
      },
      "version": "6.2.0"
    }
  }
}