{
  "stats": {
    "suites": 1,
    "tests": 3,
    "passes": 3,
    "pending": 0,
    "failures": 0,
    "start": "2023-11-06T18:42:02.168Z",
    "end": "2023-11-06T18:42:03.799Z",
    "duration": 1631,
    "testsRegistered": 3,
    "passPercent": 100,
    "pendingPercent": 0,
    "other": 0,
    "hasOther": false,
    "skipped": 0,
    "hasSkipped": false
  },
  "results": [
    {
      "uuid": "9cabc1a5-3524-4dd1-97fd-f63c6d1fa58a",
      "title": "",
      "fullFile": "/Users/jgartland/Projects/node-20/mocha-sandbox/ApiTestFramework/src/test/users.spec.ts",
      "file": "/src/test/users.spec.ts",
      "beforeHooks": [],
      "afterHooks": [],
      "tests": [],
      "suites": [
        {
          "uuid": "a34f81dd-eb7c-4507-bea0-4cc6e82d46c3",
          "title": "Test ReqRes APIs",
          "fullFile": "/Users/jgartland/Projects/node-20/mocha-sandbox/ApiTestFramework/src/test/users.spec.ts",
          "file": "/src/test/users.spec.ts",
          "beforeHooks": [],
          "afterHooks": [],
          "tests": [
            {
              "title": "should validate create user admin",
              "fullTitle": "Test ReqRes APIs should validate create user admin",
              "timedOut": false,
              "duration": 413,
              "state": "passed",
              "speed": "slow",
              "pass": true,
              "fail": false,
              "pending": false,
              "context": null,
              "code": "return __awaiter(void 0, void 0, void 0, function () {\n            var startTime, response, responseBody, name, job, id, createdAt;\n            return __generator(this, function (_a) {\n                switch (_a.label) {\n                    case 0:\n                        startTime = perf_hooks_1.performance.now();\n                        return [4 /*yield*/, supertest_1.request.post('users').send(user)];\n                    case 1:\n                        response = _a.sent();\n                        (0, chai_1.expect)(perf_hooks_1.performance.now() - startTime).to.be.lessThan(2000);\n                        (0, chai_1.expect)(response.statusCode).to.equal(201);\n                        (0, chai_1.expect)(response.type).to.equal(\"application/json\");\n                        responseBody = response.body;\n                        (0, chai_1.expect)((0, jsonschema_1.validate)(responseBody, userchema_json_1.default).valid).to.be.true;\n                        (0, chai_1.expect)((0, jsonschema_1.validate)(responseBody, userchema_json_1.default).errors.length).to.equal(0);\n                        name = responseBody.name, job = responseBody.job, id = responseBody.id, createdAt = responseBody.createdAt;\n                        (0, chai_1.expect)(name).equal(user.name);\n                        (0, chai_1.expect)(job).equal(user.job);\n                        (0, chai_1.expect)(id).not.empty;\n                        (0, chai_1.expect)(createdAt).not.empty;\n                        return [2 /*return*/];\n                }\n            });\n        });",
              "err": {},
              "uuid": "c0a8842e-9761-4cb1-8a07-4c6703af03db",
              "parentUUID": "a34f81dd-eb7c-4507-bea0-4cc6e82d46c3",
              "isHook": false,
              "skipped": false
            },
            {
              "title": "should validate create user Sexton",
              "fullTitle": "Test ReqRes APIs should validate create user Sexton",
              "timedOut": false,
              "duration": 609,
              "state": "passed",
              "speed": "slow",
              "pass": true,
              "fail": false,
              "pending": false,
              "context": null,
              "code": "return __awaiter(void 0, void 0, void 0, function () {\n            var startTime, response, responseBody, name, job, id, createdAt;\n            return __generator(this, function (_a) {\n                switch (_a.label) {\n                    case 0:\n                        startTime = perf_hooks_1.performance.now();\n                        return [4 /*yield*/, supertest_1.request.post('users').send(user)];\n                    case 1:\n                        response = _a.sent();\n                        (0, chai_1.expect)(perf_hooks_1.performance.now() - startTime).to.be.lessThan(2000);\n                        (0, chai_1.expect)(response.statusCode).to.equal(201);\n                        (0, chai_1.expect)(response.type).to.equal(\"application/json\");\n                        responseBody = response.body;\n                        (0, chai_1.expect)((0, jsonschema_1.validate)(responseBody, userchema_json_1.default).valid).to.be.true;\n                        (0, chai_1.expect)((0, jsonschema_1.validate)(responseBody, userchema_json_1.default).errors.length).to.equal(0);\n                        name = responseBody.name, job = responseBody.job, id = responseBody.id, createdAt = responseBody.createdAt;\n                        (0, chai_1.expect)(name).equal(user.name);\n                        (0, chai_1.expect)(job).equal(user.job);\n                        (0, chai_1.expect)(id).not.empty;\n                        (0, chai_1.expect)(createdAt).not.empty;\n                        return [2 /*return*/];\n                }\n            });\n        });",
              "err": {},
              "uuid": "3448068d-f852-4ad6-a079-e382b29cb640",
              "parentUUID": "a34f81dd-eb7c-4507-bea0-4cc6e82d46c3",
              "isHook": false,
              "skipped": false
            },
            {
              "title": "should validate create user Farrell",
              "fullTitle": "Test ReqRes APIs should validate create user Farrell",
              "timedOut": false,
              "duration": 602,
              "state": "passed",
              "speed": "slow",
              "pass": true,
              "fail": false,
              "pending": false,
              "context": null,
              "code": "return __awaiter(void 0, void 0, void 0, function () {\n            var startTime, response, responseBody, name, job, id, createdAt;\n            return __generator(this, function (_a) {\n                switch (_a.label) {\n                    case 0:\n                        startTime = perf_hooks_1.performance.now();\n                        return [4 /*yield*/, supertest_1.request.post('users').send(user)];\n                    case 1:\n                        response = _a.sent();\n                        (0, chai_1.expect)(perf_hooks_1.performance.now() - startTime).to.be.lessThan(2000);\n                        (0, chai_1.expect)(response.statusCode).to.equal(201);\n                        (0, chai_1.expect)(response.type).to.equal(\"application/json\");\n                        responseBody = response.body;\n                        (0, chai_1.expect)((0, jsonschema_1.validate)(responseBody, userchema_json_1.default).valid).to.be.true;\n                        (0, chai_1.expect)((0, jsonschema_1.validate)(responseBody, userchema_json_1.default).errors.length).to.equal(0);\n                        name = responseBody.name, job = responseBody.job, id = responseBody.id, createdAt = responseBody.createdAt;\n                        (0, chai_1.expect)(name).equal(user.name);\n                        (0, chai_1.expect)(job).equal(user.job);\n                        (0, chai_1.expect)(id).not.empty;\n                        (0, chai_1.expect)(createdAt).not.empty;\n                        return [2 /*return*/];\n                }\n            });\n        });",
              "err": {},
              "uuid": "3eba8082-c2ae-49f9-b078-b60e31b2dede",
              "parentUUID": "a34f81dd-eb7c-4507-bea0-4cc6e82d46c3",
              "isHook": false,
              "skipped": false
            }
          ],
          "suites": [],
          "passes": [
            "c0a8842e-9761-4cb1-8a07-4c6703af03db",
            "3448068d-f852-4ad6-a079-e382b29cb640",
            "3eba8082-c2ae-49f9-b078-b60e31b2dede"
          ],
          "failures": [],
          "pending": [],
          "skipped": [],
          "duration": 1624,
          "root": false,
          "rootEmpty": false,
          "_timeout": 5000
        }
      ],
      "passes": [],
      "failures": [],
      "pending": [],
      "skipped": [],
      "duration": 0,
      "root": true,
      "rootEmpty": true,
      "_timeout": 5000
    }
  ],
  "meta": {
    "mocha": {
      "version": "10.2.0"
    },
    "mochawesome": {
      "options": {
        "quiet": false,
        "reportFilename": "mochawesome",
        "saveHtml": true,
        "saveJson": true,
        "consoleReporter": "spec",
        "useInlineDiffs": false,
        "code": true
      },
      "version": "7.1.3"
    },
    "marge": {
      "options": {
        "reportDir": "report"
      },
      "version": "6.2.0"
    }
  }
}