{
  "stats": {
    "suites": 1,
    "tests": 3,
    "passes": 3,
    "pending": 0,
    "failures": 0,
    "start": "2023-11-06T18:55:22.431Z",
    "end": "2023-11-06T18:55:23.918Z",
    "duration": 1487,
    "testsRegistered": 3,
    "passPercent": 100,
    "pendingPercent": 0,
    "other": 0,
    "hasOther": false,
    "skipped": 0,
    "hasSkipped": false
  },
  "results": [
    {
      "uuid": "b641cbfd-4bda-4e11-9609-4fd1ccfd7a99",
      "title": "",
      "fullFile": "/Users/jgartland/Projects/node-20/mocha-sandbox/ApiTestFramework/src/test/users.spec.ts",
      "file": "/src/test/users.spec.ts",
      "beforeHooks": [],
      "afterHooks": [],
      "tests": [],
      "suites": [
        {
          "uuid": "8d2778f4-b347-4c59-8058-629e959670a2",
          "title": "Test ReqRes APIs",
          "fullFile": "/Users/jgartland/Projects/node-20/mocha-sandbox/ApiTestFramework/src/test/users.spec.ts",
          "file": "/src/test/users.spec.ts",
          "beforeHooks": [],
          "afterHooks": [],
          "tests": [
            {
              "title": "should validate create user admin",
              "fullTitle": "Test ReqRes APIs should validate create user admin",
              "timedOut": false,
              "duration": 447,
              "state": "passed",
              "speed": "slow",
              "pass": true,
              "fail": false,
              "pending": false,
              "context": null,
              "code": "return __awaiter(void 0, void 0, void 0, function () {\n            var startTime, response, responseBody, name, job, id, createdAt;\n            return __generator(this, function (_a) {\n                switch (_a.label) {\n                    case 0:\n                        startTime = perf_hooks_1.performance.now();\n                        return [4 /*yield*/, (0, apicall_1.postCall)(endpoints_1.endpoint.user, user)];\n                    case 1:\n                        response = _a.sent();\n                        (0, chai_1.expect)(perf_hooks_1.performance.now() - startTime).to.be.lessThan(2000);\n                        (0, chai_1.expect)(response.statusCode).to.equal(201);\n                        (0, chai_1.expect)(response.type).to.equal(\"application/json\");\n                        (0, schemavalidator_1.checkResponseSchema)(response, userchema_json_1.default);\n                        responseBody = response.body;\n                        name = responseBody.name, job = responseBody.job, id = responseBody.id, createdAt = responseBody.createdAt;\n                        (0, chai_1.expect)(name).equal(user.name);\n                        (0, chai_1.expect)(job).equal(user.job);\n                        (0, chai_1.expect)(id).not.empty;\n                        (0, chai_1.expect)(createdAt).not.empty;\n                        return [2 /*return*/];\n                }\n            });\n        });",
              "err": {},
              "uuid": "119b138e-c4b9-4e17-9eac-4680508ee83d",
              "parentUUID": "8d2778f4-b347-4c59-8058-629e959670a2",
              "isHook": false,
              "skipped": false
            },
            {
              "title": "should validate create user Sexton",
              "fullTitle": "Test ReqRes APIs should validate create user Sexton",
              "timedOut": false,
              "duration": 538,
              "state": "passed",
              "speed": "slow",
              "pass": true,
              "fail": false,
              "pending": false,
              "context": null,
              "code": "return __awaiter(void 0, void 0, void 0, function () {\n            var startTime, response, responseBody, name, job, id, createdAt;\n            return __generator(this, function (_a) {\n                switch (_a.label) {\n                    case 0:\n                        startTime = perf_hooks_1.performance.now();\n                        return [4 /*yield*/, (0, apicall_1.postCall)(endpoints_1.endpoint.user, user)];\n                    case 1:\n                        response = _a.sent();\n                        (0, chai_1.expect)(perf_hooks_1.performance.now() - startTime).to.be.lessThan(2000);\n                        (0, chai_1.expect)(response.statusCode).to.equal(201);\n                        (0, chai_1.expect)(response.type).to.equal(\"application/json\");\n                        (0, schemavalidator_1.checkResponseSchema)(response, userchema_json_1.default);\n                        responseBody = response.body;\n                        name = responseBody.name, job = responseBody.job, id = responseBody.id, createdAt = responseBody.createdAt;\n                        (0, chai_1.expect)(name).equal(user.name);\n                        (0, chai_1.expect)(job).equal(user.job);\n                        (0, chai_1.expect)(id).not.empty;\n                        (0, chai_1.expect)(createdAt).not.empty;\n                        return [2 /*return*/];\n                }\n            });\n        });",
              "err": {},
              "uuid": "5db58c1a-793f-4cbc-9c87-218e772d53db",
              "parentUUID": "8d2778f4-b347-4c59-8058-629e959670a2",
              "isHook": false,
              "skipped": false
            },
            {
              "title": "should validate create user Farrell",
              "fullTitle": "Test ReqRes APIs should validate create user Farrell",
              "timedOut": false,
              "duration": 497,
              "state": "passed",
              "speed": "slow",
              "pass": true,
              "fail": false,
              "pending": false,
              "context": null,
              "code": "return __awaiter(void 0, void 0, void 0, function () {\n            var startTime, response, responseBody, name, job, id, createdAt;\n            return __generator(this, function (_a) {\n                switch (_a.label) {\n                    case 0:\n                        startTime = perf_hooks_1.performance.now();\n                        return [4 /*yield*/, (0, apicall_1.postCall)(endpoints_1.endpoint.user, user)];\n                    case 1:\n                        response = _a.sent();\n                        (0, chai_1.expect)(perf_hooks_1.performance.now() - startTime).to.be.lessThan(2000);\n                        (0, chai_1.expect)(response.statusCode).to.equal(201);\n                        (0, chai_1.expect)(response.type).to.equal(\"application/json\");\n                        (0, schemavalidator_1.checkResponseSchema)(response, userchema_json_1.default);\n                        responseBody = response.body;\n                        name = responseBody.name, job = responseBody.job, id = responseBody.id, createdAt = responseBody.createdAt;\n                        (0, chai_1.expect)(name).equal(user.name);\n                        (0, chai_1.expect)(job).equal(user.job);\n                        (0, chai_1.expect)(id).not.empty;\n                        (0, chai_1.expect)(createdAt).not.empty;\n                        return [2 /*return*/];\n                }\n            });\n        });",
              "err": {},
              "uuid": "b5dd082a-b0c9-4ccb-875c-61d4afb7e53b",
              "parentUUID": "8d2778f4-b347-4c59-8058-629e959670a2",
              "isHook": false,
              "skipped": false
            }
          ],
          "suites": [],
          "passes": [
            "119b138e-c4b9-4e17-9eac-4680508ee83d",
            "5db58c1a-793f-4cbc-9c87-218e772d53db",
            "b5dd082a-b0c9-4ccb-875c-61d4afb7e53b"
          ],
          "failures": [],
          "pending": [],
          "skipped": [],
          "duration": 1482,
          "root": false,
          "rootEmpty": false,
          "_timeout": 5000
        }
      ],
      "passes": [],
      "failures": [],
      "pending": [],
      "skipped": [],
      "duration": 0,
      "root": true,
      "rootEmpty": true,
      "_timeout": 5000
    }
  ],
  "meta": {
    "mocha": {
      "version": "10.2.0"
    },
    "mochawesome": {
      "options": {
        "quiet": false,
        "reportFilename": "mochawesome",
        "saveHtml": true,
        "saveJson": true,
        "consoleReporter": "spec",
        "useInlineDiffs": false,
        "code": true
      },
      "version": "7.1.3"
    },
    "marge": {
      "options": {
        "reportDir": "report"
      },
      "version": "6.2.0"
    }
  }
}