{
  "stats": {
    "suites": 1,
    "tests": 3,
    "passes": 3,
    "pending": 0,
    "failures": 0,
    "start": "2023-11-06T18:46:32.612Z",
    "end": "2023-11-06T18:46:33.999Z",
    "duration": 1387,
    "testsRegistered": 3,
    "passPercent": 100,
    "pendingPercent": 0,
    "other": 0,
    "hasOther": false,
    "skipped": 0,
    "hasSkipped": false
  },
  "results": [
    {
      "uuid": "cda16746-e416-4dd4-8980-0ebb6aebebca",
      "title": "",
      "fullFile": "/Users/jgartland/Projects/node-20/mocha-sandbox/ApiTestFramework/src/test/users.spec.ts",
      "file": "/src/test/users.spec.ts",
      "beforeHooks": [],
      "afterHooks": [],
      "tests": [],
      "suites": [
        {
          "uuid": "0eeb03a3-384f-41ae-8a5e-b4286f9cacf1",
          "title": "Test ReqRes APIs",
          "fullFile": "/Users/jgartland/Projects/node-20/mocha-sandbox/ApiTestFramework/src/test/users.spec.ts",
          "file": "/src/test/users.spec.ts",
          "beforeHooks": [],
          "afterHooks": [],
          "tests": [
            {
              "title": "should validate create user admin",
              "fullTitle": "Test ReqRes APIs should validate create user admin",
              "timedOut": false,
              "duration": 495,
              "state": "passed",
              "speed": "slow",
              "pass": true,
              "fail": false,
              "pending": false,
              "context": null,
              "code": "return __awaiter(void 0, void 0, void 0, function () {\n            var startTime, response, responseBody, name, job, id, createdAt;\n            return __generator(this, function (_a) {\n                switch (_a.label) {\n                    case 0:\n                        startTime = perf_hooks_1.performance.now();\n                        return [4 /*yield*/, (0, apicall_1.postCall)(endpoints_1.endpoint.user, user)];\n                    case 1:\n                        response = _a.sent();\n                        (0, chai_1.expect)(perf_hooks_1.performance.now() - startTime).to.be.lessThan(2000);\n                        (0, chai_1.expect)(response.statusCode).to.equal(201);\n                        (0, chai_1.expect)(response.type).to.equal(\"application/json\");\n                        responseBody = response.body;\n                        (0, chai_1.expect)((0, jsonschema_1.validate)(responseBody, userchema_json_1.default).valid).to.be.true;\n                        (0, chai_1.expect)((0, jsonschema_1.validate)(responseBody, userchema_json_1.default).errors.length).to.equal(0);\n                        name = responseBody.name, job = responseBody.job, id = responseBody.id, createdAt = responseBody.createdAt;\n                        (0, chai_1.expect)(name).equal(user.name);\n                        (0, chai_1.expect)(job).equal(user.job);\n                        (0, chai_1.expect)(id).not.empty;\n                        (0, chai_1.expect)(createdAt).not.empty;\n                        return [2 /*return*/];\n                }\n            });\n        });",
              "err": {},
              "uuid": "e642b8a3-5e9b-4d53-98eb-461c565ab6a3",
              "parentUUID": "0eeb03a3-384f-41ae-8a5e-b4286f9cacf1",
              "isHook": false,
              "skipped": false
            },
            {
              "title": "should validate create user Sexton",
              "fullTitle": "Test ReqRes APIs should validate create user Sexton",
              "timedOut": false,
              "duration": 481,
              "state": "passed",
              "speed": "slow",
              "pass": true,
              "fail": false,
              "pending": false,
              "context": null,
              "code": "return __awaiter(void 0, void 0, void 0, function () {\n            var startTime, response, responseBody, name, job, id, createdAt;\n            return __generator(this, function (_a) {\n                switch (_a.label) {\n                    case 0:\n                        startTime = perf_hooks_1.performance.now();\n                        return [4 /*yield*/, (0, apicall_1.postCall)(endpoints_1.endpoint.user, user)];\n                    case 1:\n                        response = _a.sent();\n                        (0, chai_1.expect)(perf_hooks_1.performance.now() - startTime).to.be.lessThan(2000);\n                        (0, chai_1.expect)(response.statusCode).to.equal(201);\n                        (0, chai_1.expect)(response.type).to.equal(\"application/json\");\n                        responseBody = response.body;\n                        (0, chai_1.expect)((0, jsonschema_1.validate)(responseBody, userchema_json_1.default).valid).to.be.true;\n                        (0, chai_1.expect)((0, jsonschema_1.validate)(responseBody, userchema_json_1.default).errors.length).to.equal(0);\n                        name = responseBody.name, job = responseBody.job, id = responseBody.id, createdAt = responseBody.createdAt;\n                        (0, chai_1.expect)(name).equal(user.name);\n                        (0, chai_1.expect)(job).equal(user.job);\n                        (0, chai_1.expect)(id).not.empty;\n                        (0, chai_1.expect)(createdAt).not.empty;\n                        return [2 /*return*/];\n                }\n            });\n        });",
              "err": {},
              "uuid": "7fa763b8-9d7c-4f66-90fb-4a77a6870f07",
              "parentUUID": "0eeb03a3-384f-41ae-8a5e-b4286f9cacf1",
              "isHook": false,
              "skipped": false
            },
            {
              "title": "should validate create user Farrell",
              "fullTitle": "Test ReqRes APIs should validate create user Farrell",
              "timedOut": false,
              "duration": 405,
              "state": "passed",
              "speed": "slow",
              "pass": true,
              "fail": false,
              "pending": false,
              "context": null,
              "code": "return __awaiter(void 0, void 0, void 0, function () {\n            var startTime, response, responseBody, name, job, id, createdAt;\n            return __generator(this, function (_a) {\n                switch (_a.label) {\n                    case 0:\n                        startTime = perf_hooks_1.performance.now();\n                        return [4 /*yield*/, (0, apicall_1.postCall)(endpoints_1.endpoint.user, user)];\n                    case 1:\n                        response = _a.sent();\n                        (0, chai_1.expect)(perf_hooks_1.performance.now() - startTime).to.be.lessThan(2000);\n                        (0, chai_1.expect)(response.statusCode).to.equal(201);\n                        (0, chai_1.expect)(response.type).to.equal(\"application/json\");\n                        responseBody = response.body;\n                        (0, chai_1.expect)((0, jsonschema_1.validate)(responseBody, userchema_json_1.default).valid).to.be.true;\n                        (0, chai_1.expect)((0, jsonschema_1.validate)(responseBody, userchema_json_1.default).errors.length).to.equal(0);\n                        name = responseBody.name, job = responseBody.job, id = responseBody.id, createdAt = responseBody.createdAt;\n                        (0, chai_1.expect)(name).equal(user.name);\n                        (0, chai_1.expect)(job).equal(user.job);\n                        (0, chai_1.expect)(id).not.empty;\n                        (0, chai_1.expect)(createdAt).not.empty;\n                        return [2 /*return*/];\n                }\n            });\n        });",
              "err": {},
              "uuid": "8747115c-2f53-4c8b-ab5b-71b7d3b91d07",
              "parentUUID": "0eeb03a3-384f-41ae-8a5e-b4286f9cacf1",
              "isHook": false,
              "skipped": false
            }
          ],
          "suites": [],
          "passes": [
            "e642b8a3-5e9b-4d53-98eb-461c565ab6a3",
            "7fa763b8-9d7c-4f66-90fb-4a77a6870f07",
            "8747115c-2f53-4c8b-ab5b-71b7d3b91d07"
          ],
          "failures": [],
          "pending": [],
          "skipped": [],
          "duration": 1381,
          "root": false,
          "rootEmpty": false,
          "_timeout": 5000
        }
      ],
      "passes": [],
      "failures": [],
      "pending": [],
      "skipped": [],
      "duration": 0,
      "root": true,
      "rootEmpty": true,
      "_timeout": 5000
    }
  ],
  "meta": {
    "mocha": {
      "version": "10.2.0"
    },
    "mochawesome": {
      "options": {
        "quiet": false,
        "reportFilename": "mochawesome",
        "saveHtml": true,
        "saveJson": true,
        "consoleReporter": "spec",
        "useInlineDiffs": false,
        "code": true
      },
      "version": "7.1.3"
    },
    "marge": {
      "options": {
        "reportDir": "report"
      },
      "version": "6.2.0"
    }
  }
}