{
  "stats": {
    "suites": 1,
    "tests": 3,
    "passes": 3,
    "pending": 0,
    "failures": 0,
    "start": "2023-11-06T20:49:32.225Z",
    "end": "2023-11-06T20:49:33.528Z",
    "duration": 1303,
    "testsRegistered": 3,
    "passPercent": 100,
    "pendingPercent": 0,
    "other": 0,
    "hasOther": false,
    "skipped": 0,
    "hasSkipped": false
  },
  "results": [
    {
      "uuid": "a7689aeb-12c6-402a-bc83-84098322e5de",
      "title": "",
      "fullFile": "/Users/jgartland/Projects/node-20/mocha-sandbox/ApiTestFramework/src/test/users.spec.ts",
      "file": "/src/test/users.spec.ts",
      "beforeHooks": [],
      "afterHooks": [],
      "tests": [],
      "suites": [
        {
          "uuid": "f3821c67-0e6c-44d1-bae4-19b13ad86a53",
          "title": "Test ReqRes APIs",
          "fullFile": "/Users/jgartland/Projects/node-20/mocha-sandbox/ApiTestFramework/src/test/users.spec.ts",
          "file": "/src/test/users.spec.ts",
          "beforeHooks": [],
          "afterHooks": [],
          "tests": [
            {
              "title": "should validate create user admin",
              "fullTitle": "Test ReqRes APIs should validate create user admin",
              "timedOut": false,
              "duration": 430,
              "state": "passed",
              "speed": "slow",
              "pass": true,
              "fail": false,
              "pending": false,
              "context": "\"Response: {\\n    \\\"name\\\": \\\"admin\\\",\\n    \\\"job\\\": \\\"admin\\\",\\n    \\\"id\\\": \\\"178\\\",\\n    \\\"createdAt\\\": \\\"2023-11-06T17:49:39.048Z\\\"\\n}\"",
              "code": "",
              "err": {},
              "uuid": "eba7af33-9930-4ec0-b0ce-d20d93cdf16c",
              "parentUUID": "f3821c67-0e6c-44d1-bae4-19b13ad86a53",
              "isHook": false,
              "skipped": false
            },
            {
              "title": "should validate create user Sexton",
              "fullTitle": "Test ReqRes APIs should validate create user Sexton",
              "timedOut": false,
              "duration": 376,
              "state": "passed",
              "speed": "slow",
              "pass": true,
              "fail": false,
              "pending": false,
              "context": "\"Response: {\\n    \\\"name\\\": \\\"Sexton\\\",\\n    \\\"job\\\": \\\"player\\\",\\n    \\\"id\\\": \\\"362\\\",\\n    \\\"createdAt\\\": \\\"2023-11-06T17:49:39.447Z\\\"\\n}\"",
              "code": "",
              "err": {},
              "uuid": "f4809480-2c46-475f-a176-e1591483fcf4",
              "parentUUID": "f3821c67-0e6c-44d1-bae4-19b13ad86a53",
              "isHook": false,
              "skipped": false
            },
            {
              "title": "should validate create user Farrell",
              "fullTitle": "Test ReqRes APIs should validate create user Farrell",
              "timedOut": false,
              "duration": 491,
              "state": "passed",
              "speed": "slow",
              "pass": true,
              "fail": false,
              "pending": false,
              "context": "\"Response: {\\n    \\\"name\\\": \\\"Farrell\\\",\\n    \\\"job\\\": \\\"manager\\\",\\n    \\\"id\\\": \\\"129\\\",\\n    \\\"createdAt\\\": \\\"2023-11-06T17:49:39.800Z\\\"\\n}\"",
              "code": "",
              "err": {},
              "uuid": "ebd0af87-bc24-415f-bcb4-2cf2bee05e13",
              "parentUUID": "f3821c67-0e6c-44d1-bae4-19b13ad86a53",
              "isHook": false,
              "skipped": false
            }
          ],
          "suites": [],
          "passes": [
            "eba7af33-9930-4ec0-b0ce-d20d93cdf16c",
            "f4809480-2c46-475f-a176-e1591483fcf4",
            "ebd0af87-bc24-415f-bcb4-2cf2bee05e13"
          ],
          "failures": [],
          "pending": [],
          "skipped": [],
          "duration": 1297,
          "root": false,
          "rootEmpty": false,
          "_timeout": 5000
        }
      ],
      "passes": [],
      "failures": [],
      "pending": [],
      "skipped": [],
      "duration": 0,
      "root": true,
      "rootEmpty": true,
      "_timeout": 5000
    }
  ],
  "meta": {
    "mocha": {
      "version": "10.2.0"
    },
    "mochawesome": {
      "options": {
        "quiet": false,
        "reportFilename": "mochawesome",
        "saveHtml": true,
        "saveJson": true,
        "consoleReporter": "spec",
        "useInlineDiffs": false,
        "code": false
      },
      "version": "7.1.3"
    },
    "marge": {
      "options": {
        "o": "report",
        "charts": "true",
        "code": "false"
      },
      "version": "6.2.0"
    }
  }
}