{
  "stats": {
    "suites": 1,
    "tests": 3,
    "passes": 3,
    "pending": 0,
    "failures": 0,
    "start": "2023-11-06T19:35:48.023Z",
    "end": "2023-11-06T19:35:49.609Z",
    "duration": 1586,
    "testsRegistered": 3,
    "passPercent": 100,
    "pendingPercent": 0,
    "other": 0,
    "hasOther": false,
    "skipped": 0,
    "hasSkipped": false
  },
  "results": [
    {
      "uuid": "da92a28c-7ca7-4694-9875-fb0f7a317375",
      "title": "",
      "fullFile": "/Users/jgartland/Projects/node-20/mocha-sandbox/ApiTestFramework/src/test/users.spec.ts",
      "file": "/src/test/users.spec.ts",
      "beforeHooks": [],
      "afterHooks": [],
      "tests": [],
      "suites": [
        {
          "uuid": "7eb356e3-8dc4-4b96-a5f0-faecb8804c62",
          "title": "Test ReqRes APIs",
          "fullFile": "/Users/jgartland/Projects/node-20/mocha-sandbox/ApiTestFramework/src/test/users.spec.ts",
          "file": "/src/test/users.spec.ts",
          "beforeHooks": [],
          "afterHooks": [],
          "tests": [
            {
              "title": "should validate create user admin",
              "fullTitle": "Test ReqRes APIs should validate create user admin",
              "timedOut": false,
              "duration": 665,
              "state": "passed",
              "speed": "slow",
              "pass": true,
              "fail": false,
              "pending": false,
              "context": null,
              "code": "return __awaiter(void 0, void 0, void 0, function () {\n            var startTime, response, responseBody, name, job, id, createdAt;\n            return __generator(this, function (_a) {\n                switch (_a.label) {\n                    case 0:\n                        startTime = perf_hooks_1.performance.now();\n                        return [4 /*yield*/, (0, apicall_1.postCall)(endpoints_1.endpoint.user, user)];\n                    case 1:\n                        response = _a.sent();\n                        (0, chai_1.expect)(perf_hooks_1.performance.now() - startTime).to.be.lessThan(2000);\n                        (0, chai_1.expect)(response.statusCode).to.equal(201);\n                        (0, chai_1.expect)(response.type).to.equal(\"application/json\");\n                        (0, schemavalidator_1.checkResponseSchema)(response, userschema_json_1.default);\n                        responseBody = response.body;\n                        name = responseBody.name, job = responseBody.job, id = responseBody.id, createdAt = responseBody.createdAt;\n                        (0, chai_1.expect)(name).equal(user.name);\n                        (0, chai_1.expect)(job).equal(user.job);\n                        (0, chai_1.expect)(id).not.empty;\n                        (0, chai_1.expect)(createdAt).not.empty;\n                        return [2 /*return*/];\n                }\n            });\n        });",
              "err": {},
              "uuid": "a8fee8bf-fb18-4626-bf74-93d5ee2dd165",
              "parentUUID": "7eb356e3-8dc4-4b96-a5f0-faecb8804c62",
              "isHook": false,
              "skipped": false
            },
            {
              "title": "should validate create user Sexton",
              "fullTitle": "Test ReqRes APIs should validate create user Sexton",
              "timedOut": false,
              "duration": 415,
              "state": "passed",
              "speed": "slow",
              "pass": true,
              "fail": false,
              "pending": false,
              "context": null,
              "code": "return __awaiter(void 0, void 0, void 0, function () {\n            var startTime, response, responseBody, name, job, id, createdAt;\n            return __generator(this, function (_a) {\n                switch (_a.label) {\n                    case 0:\n                        startTime = perf_hooks_1.performance.now();\n                        return [4 /*yield*/, (0, apicall_1.postCall)(endpoints_1.endpoint.user, user)];\n                    case 1:\n                        response = _a.sent();\n                        (0, chai_1.expect)(perf_hooks_1.performance.now() - startTime).to.be.lessThan(2000);\n                        (0, chai_1.expect)(response.statusCode).to.equal(201);\n                        (0, chai_1.expect)(response.type).to.equal(\"application/json\");\n                        (0, schemavalidator_1.checkResponseSchema)(response, userschema_json_1.default);\n                        responseBody = response.body;\n                        name = responseBody.name, job = responseBody.job, id = responseBody.id, createdAt = responseBody.createdAt;\n                        (0, chai_1.expect)(name).equal(user.name);\n                        (0, chai_1.expect)(job).equal(user.job);\n                        (0, chai_1.expect)(id).not.empty;\n                        (0, chai_1.expect)(createdAt).not.empty;\n                        return [2 /*return*/];\n                }\n            });\n        });",
              "err": {},
              "uuid": "e639ee42-7858-4238-97e0-e707c98cc3fe",
              "parentUUID": "7eb356e3-8dc4-4b96-a5f0-faecb8804c62",
              "isHook": false,
              "skipped": false
            },
            {
              "title": "should validate create user Farrell",
              "fullTitle": "Test ReqRes APIs should validate create user Farrell",
              "timedOut": false,
              "duration": 500,
              "state": "passed",
              "speed": "slow",
              "pass": true,
              "fail": false,
              "pending": false,
              "context": null,
              "code": "return __awaiter(void 0, void 0, void 0, function () {\n            var startTime, response, responseBody, name, job, id, createdAt;\n            return __generator(this, function (_a) {\n                switch (_a.label) {\n                    case 0:\n                        startTime = perf_hooks_1.performance.now();\n                        return [4 /*yield*/, (0, apicall_1.postCall)(endpoints_1.endpoint.user, user)];\n                    case 1:\n                        response = _a.sent();\n                        (0, chai_1.expect)(perf_hooks_1.performance.now() - startTime).to.be.lessThan(2000);\n                        (0, chai_1.expect)(response.statusCode).to.equal(201);\n                        (0, chai_1.expect)(response.type).to.equal(\"application/json\");\n                        (0, schemavalidator_1.checkResponseSchema)(response, userschema_json_1.default);\n                        responseBody = response.body;\n                        name = responseBody.name, job = responseBody.job, id = responseBody.id, createdAt = responseBody.createdAt;\n                        (0, chai_1.expect)(name).equal(user.name);\n                        (0, chai_1.expect)(job).equal(user.job);\n                        (0, chai_1.expect)(id).not.empty;\n                        (0, chai_1.expect)(createdAt).not.empty;\n                        return [2 /*return*/];\n                }\n            });\n        });",
              "err": {},
              "uuid": "cf9e9461-0272-4b58-9bb5-11921d521431",
              "parentUUID": "7eb356e3-8dc4-4b96-a5f0-faecb8804c62",
              "isHook": false,
              "skipped": false
            }
          ],
          "suites": [],
          "passes": [
            "a8fee8bf-fb18-4626-bf74-93d5ee2dd165",
            "e639ee42-7858-4238-97e0-e707c98cc3fe",
            "cf9e9461-0272-4b58-9bb5-11921d521431"
          ],
          "failures": [],
          "pending": [],
          "skipped": [],
          "duration": 1580,
          "root": false,
          "rootEmpty": false,
          "_timeout": 5000
        }
      ],
      "passes": [],
      "failures": [],
      "pending": [],
      "skipped": [],
      "duration": 0,
      "root": true,
      "rootEmpty": true,
      "_timeout": 5000
    }
  ],
  "meta": {
    "mocha": {
      "version": "10.2.0"
    },
    "mochawesome": {
      "options": {
        "quiet": false,
        "reportFilename": "mochawesome",
        "saveHtml": true,
        "saveJson": true,
        "consoleReporter": "spec",
        "useInlineDiffs": false,
        "code": true
      },
      "version": "7.1.3"
    },
    "marge": {
      "options": {
        "reportDir": "report"
      },
      "version": "6.2.0"
    }
  }
}